<?xml version="1.0" encoding="UTF-8"?>
<!-- Generated by org.testng.reporters.JUnitXMLReporter -->
<testsuite ignored="8" hostname="DESKTOP-K93APDC" failures="0" tests="1" name="Default test" time="42.031" errors="0" timestamp="2024-01-03T12:19:10 IST">
  <testcase classname="com.Getapcs.Avision.TEST.TEST_Create" name="verifySalesSourcing" time="27.326"/>
  <testcase classname="com.Getapcs.Avision.TEST.TEST_Create" name="verifySalesRFQENGG" time="0.0">
    <ignored/>
  </testcase> <!-- verifySalesRFQENGG -->
  <testcase classname="com.Getapcs.Avision.TEST.TEST_Create" name="verifySalesRFQCS" time="0.0">
    <ignored/>
  </testcase> <!-- verifySalesRFQCS -->
  <testcase classname="com.Getapcs.Avision.TEST.TEST_Create" name="verifySalesItemPriceListCreate" time="0.0">
    <ignored/>
  </testcase> <!-- verifySalesItemPriceListCreate -->
  <testcase classname="com.Getapcs.Avision.TEST.TEST_Create" name="verifyReleaseBom" time="0.0">
    <ignored/>
  </testcase> <!-- verifyReleaseBom -->
  <testcase classname="com.Getapcs.Avision.TEST.TEST_Create" name="verifySalesRFQCreate" time="0.0">
    <ignored/>
  </testcase> <!-- verifySalesRFQCreate -->
  <testcase classname="com.Getapcs.Avision.TEST.TEST_Create" name="verifyBomCreate" time="0.0">
    <ignored/>
  </testcase> <!-- verifyBomCreate -->
  <testcase classname="com.Getapcs.Avision.TEST.TEST_Create" name="verifyItemMasterCreate" time="0.0">
    <ignored/>
  </testcase> <!-- verifyItemMasterCreate -->
  <testcase classname="com.Getapcs.Avision.TEST.TEST_Create" name="verifySalesLpCosting" time="0.0">
    <ignored/>
  </testcase> <!-- verifySalesLpCosting -->
</testsuite> <!-- Default test -->
