<?xml version="1.0" encoding="UTF-8"?>
<!-- Generated by org.testng.reporters.JUnitXMLReporter -->
<testsuite ignored="1" hostname="DESKTOP-K93APDC" failures="0" tests="1" name="Default test" time="364.672" errors="0" timestamp="2024-01-17T16:51:43 IST">
  <testcase classname="com.Getapcs.Avision.TEST.TEST_SA_Flow" name="verifyPOcreate$Approvals_1_2" time="349.73"/>
  <testcase classname="com.Getapcs.Avision.TEST.TEST_SA_Flow" name="verifyPRcreate$Approvals_1_2" time="0.0">
    <ignored/>
  </testcase> <!-- verifyPRcreate$Approvals_1_2 -->
</testsuite> <!-- Default test -->
